<?xml version="1.0" encoding="UTF-8"?>
<!-- Generated by org.testng.reporters.JUnitXMLReporter -->
<testsuite hostname="wpu5cg0283fmnl" ignored="0" name="ChromeTest" tests="3" failures="0" timestamp="2021-02-24T12:22:02 IST" time="94.638" errors="0">
  <testcase name="OrangeHRM_Login" time="42.931" classname="com.OrangeHRM.CrossBrowser_Testing"/>
  <testcase name="OrangeHRM_Login" time="25.038" classname="com.OrangeHRM.CrossBrowser_Testing"/>
  <testcase name="OrangeHRM_Login" time="23.528" classname="com.OrangeHRM.CrossBrowser_Testing"/>
</testsuite> <!-- ChromeTest -->
