<?xml version="1.0" encoding="UTF-8"?>
<!-- Generated by org.testng.reporters.JUnitXMLReporter -->
<testsuite hostname="wpu5cg0283fmnl" ignored="0" name="EdgeTest" tests="3" failures="0" timestamp="2021-02-24T12:23:28 IST" time="86.513" errors="0">
  <testcase name="OrangeHRM_Login" time="35.932" classname="com.OrangeHRM.CrossBrowser_Testing"/>
  <testcase name="OrangeHRM_Login" time="23.757" classname="com.OrangeHRM.CrossBrowser_Testing"/>
  <testcase name="OrangeHRM_Login" time="24.252" classname="com.OrangeHRM.CrossBrowser_Testing"/>
</testsuite> <!-- EdgeTest -->
